{"result":true,"error":null}
[ Sat, 20 Mar 2021 13:13:40 +0100 ]: Method "addRoom" in "index.php" , Error: " Метод не найден "; 
{"result":null,"error":{"code":"-32601","message":"Метод не найден"}}
{"result":true,"error":null}
{"result":{"id":"4","email":"ghjghj@mail.ru","type":"user","name":"Danil","sname":"Senchin"},"error":null}
{"result":true,"error":null}
{"result":true,"error":null}
{"result":true,"error":null}
{"result":true,"error":null}
{"result":true,"error":null}
{"result":true,"error":null}
{"result":true,"error":null}
{"result":true,"error":null}
{"result":true,"error":null}
{"result":[{"id":"4","0":"4","number":"333","1":"333","floor":"3","2":"3","type":"Common","3":"Common","area":"12.0","4":"12.0","room_limit":"4","5":"4"},{"id":"5","0":"5","number":"354","1":"354","floor":"3","2":"3","type":"Common","3":"Common","area":"12.0","4":"12.0","room_limit":"4","5":"4"}],"error":null}
{"result":true,"error":null}
{"result":[],"error":null}
{"result":[],"error":null}
{"result":[{"id_room":"5","0":"5","id_tag":"1","1":"1","id":"1","2":"5","number":"354","3":"354","floor":"3","4":"3","type":"Common","5":"Common","area":"12.0","6":"12.0","room_limit":"4","7":"4","8":"1","tag":"old","9":"old"},{"id_room":"5","0":"5","id_tag":"2","1":"2","id":"2","2":"5","number":"354","3":"354","floor":"3","4":"3","type":"Common","5":"Common","area":"12.0","6":"12.0","room_limit":"4","7":"4","8":"2","tag":"clear","9":"clear"},{"id_room":"5","0":"5","id_tag":"3","1":"3","id":"3","2":"5","number":"354","3":"354","floor":"3","4":"3","type":"Common","5":"Common","area":"12.0","6":"12.0","room_limit":"4","7":"4","8":"3","tag":"big","9":"big"}],"error":null}
{"result":[{"COUNT(*)":"3","0":"3"}],"error":null}
{"result":[{"id_room":"5","0":"5","COUNT(*)":"3","1":"3"}],"error":null}
{"result":null,"error":null}
{"result":[{"id_room":"5","0":"5","room_limit":"4","1":"4","COUNT(*)":"3","2":"3"}],"error":null}
{"result":[],"error":null}
{"result":[{"id_room":"4","0":"4","floor":"3","1":"3","type":"Common","2":"Common","number":"333","3":"333","area":"12.0","4":"12.0"},{"id_room":"5","0":"5","floor":"3","1":"3","type":"Common","2":"Common","number":"354","3":"354","area":"12.0","4":"12.0"}],"error":null}
{"result":[],"error":null}
{"result":[{"id_room":"4","0":"4","floor":"3","1":"3","type":"Common","2":"Common","number":"333","3":"333","area":"12.0","4":"12.0"},{"id_room":"5","0":"5","floor":"3","1":"3","type":"Common","2":"Common","number":"354","3":"354","area":"12.0","4":"12.0"}],"error":null}
{"result":[{"id_room":"8","0":"8","floor":"4","1":"4","type":"Common","2":"Common","number":"431","3":"431","area":"3.8","4":"3.8"}],"error":null}
{"result":false,"error":null}
{"result":false,"error":null}
{"result":false,"error":null}
{"result":false,"error":null}
{"result":false,"error":null}
{"result":false,"error":null}
{"result":true,"error":null}
{"result":true,"error":null}
{"result":true,"error":null}
{"result":true,"error":null}
{"result":true,"error":null}
{"result":true,"error":null}
{"result":false,"error":null}
{"result":true,"error":null}
{"result":true,"error":null}
{"result":false,"error":null}
{"result":true,"error":null}
{"result":false,"error":null}
{"result":false,"error":null}
{"result":false,"error":null}
{"result":false,"error":null}
{"result":false,"error":null}
{"result":false,"error":null}
{"result":false,"error":null}
{"result":{"id":"10","id_user":"1","id_room":"4","start":"2021-03-21 16:27:27","end":"2021-03-21 17:27:27","info":"dsaddddqwq","description":"fdsfsdddd"},"error":null}
{"result":{"id":"10","id_user":"1","id_room":"4","start":"2021-03-21 16:27:27","end":"2021-03-21 17:27:27","info":"dsaddddqwq","description":"fdsfsdddd"},"error":null}
{"result":[{"id":"1","0":"1","id_user":"1","1":"1","id_room":"4","2":"4","start":"2021-03-21 09:41:59","3":"2021-03-21 09:41:59","end":"2021-03-21 16:41:59","4":"2021-03-21 16:41:59","info":"dfsdfsd","5":"dfsdfsd","description":"dsvcsdv","6":"dsvcsdv"},{"id":"2","0":"2","id_user":"2","1":"2","id_room":"4","2":"4","start":"2021-03-21 21:42:17","3":"2021-03-21 21:42:17","end":"2021-03-21 23:42:17","4":"2021-03-21 23:42:17","info":"dscsd","5":"dscsd","description":"dsvsv","6":"dsvsv"}],"error":null}
{"result":true,"error":null}
{"result":true,"error":null}
{"result":true,"error":null}
{"result":true,"error":null}
{"result":false,"error":null}
